<?xml version="1.0" encoding="utf-8"?><testsuites name="pytest tests"><testsuite name="pytest" errors="0" failures="1" skipped="0" tests="25" time="4.115" timestamp="2026-04-24T13:27:56.434861+00:00" hostname="agent-env-49d588f3-f08a-474a-bcf7-a910da5b5ced"><testcase classname="backend.tests.test_baume_api" name="test_health" time="0.209" /><testcase classname="backend.tests.test_baume_api" name="test_list_products_all" time="0.134" /><testcase classname="backend.tests.test_baume_api" name="test_filter_category" time="0.114" /><testcase classname="backend.tests.test_baume_api" name="test_filter_need" time="0.132" /><testcase classname="backend.tests.test_baume_api" name="test_filter_bestseller" time="0.118" /><testcase classname="backend.tests.test_baume_api" name="test_filter_flux_abondant" time="0.113" /><testcase classname="backend.tests.test_baume_api" name="test_filter_usage_nuit" time="0.140" /><testcase classname="backend.tests.test_baume_api" name="test_filter_max_price" time="0.144" /><testcase classname="backend.tests.test_baume_api" name="test_filter_search_cup" time="0.141" /><testcase classname="backend.tests.test_baume_api" name="test_get_product_by_slug" time="0.100" /><testcase classname="backend.tests.test_baume_api" name="test_get_product_404" time="0.101" /><testcase classname="backend.tests.test_baume_api" name="test_categories_besoin" time="0.106" /><testcase classname="backend.tests.test_baume_api" name="test_categories_produit" time="0.109" /><testcase classname="backend.tests.test_baume_api" name="test_category_detail_besoin" time="0.112" /><testcase classname="backend.tests.test_baume_api" name="test_category_detail_produit" time="0.128" /><testcase classname="backend.tests.test_baume_api" name="test_reviews_list" time="0.124" /><testcase classname="backend.tests.test_baume_api" name="test_reviews_by_product" time="0.123" /><testcase classname="backend.tests.test_baume_api" name="test_guides_list" time="0.119" /><testcase classname="backend.tests.test_baume_api" name="test_guide_detail" time="0.109" /><testcase classname="backend.tests.test_baume_api" name="test_experts_list" time="0.156" /><testcase classname="backend.tests.test_baume_api" name="test_contact_valid" time="0.108" /><testcase classname="backend.tests.test_baume_api" name="test_contact_invalid_email" time="0.107" /><testcase classname="backend.tests.test_baume_api" name="test_checkout_session_valid" time="1.047"><failure message="assert 500 == 200&#10; +  where 500 = &lt;Response [500]&gt;.status_code">backend/tests/test_baume_api.py:215: in test_checkout_session_valid
    assert r2.status_code == 200
E   assert 500 == 200
E    +  where 500 = &lt;Response [500]&gt;.status_code</failure></testcase><testcase classname="backend.tests.test_baume_api" name="test_checkout_empty_items" time="0.105" /><testcase classname="backend.tests.test_baume_api" name="test_checkout_unknown_product" time="0.104" /></testsuite></testsuites>