<?xml version="1.0" encoding="utf-8"?><testsuites name="pytest tests"><testsuite name="pytest" errors="0" failures="0" skipped="0" tests="58" time="15.412" timestamp="2026-04-24T14:22:16.846555+00:00" hostname="agent-env-49d588f3-f08a-474a-bcf7-a910da5b5ced"><testcase classname="tests.test_auth_orders.TestRegister" name="test_register_valid" time="0.447" /><testcase classname="tests.test_auth_orders.TestRegister" name="test_register_duplicate" time="0.524" /><testcase classname="tests.test_auth_orders.TestRegister" name="test_register_short_password" time="0.123" /><testcase classname="tests.test_auth_orders.TestLogin" name="test_login_admin_valid" time="0.409" /><testcase classname="tests.test_auth_orders.TestLogin" name="test_login_wrong_password" time="0.357" /><testcase classname="tests.test_auth_orders.TestLogin" name="test_login_unknown_email" time="0.142" /><testcase classname="tests.test_auth_orders.TestMeAndProfile" name="test_me_unauthenticated" time="0.118" /><testcase classname="tests.test_auth_orders.TestMeAndProfile" name="test_patch_profile" time="0.447" /><testcase classname="tests.test_auth_orders.TestMeAndProfile" name="test_logout_clears_cookies" time="0.442" /><testcase classname="tests.test_auth_orders.TestMeAndProfile" name="test_refresh_token" time="0.398" /><testcase classname="tests.test_auth_orders.TestPasswordReset" name="test_forgot_existing" time="0.486" /><testcase classname="tests.test_auth_orders.TestPasswordReset" name="test_forgot_unknown_still_200" time="0.105" /><testcase classname="tests.test_auth_orders.TestPasswordReset" name="test_reset_invalid_token" time="0.140" /><testcase classname="tests.test_auth_orders.TestOrders" name="test_orders_mine_unauth" time="0.118" /><testcase classname="tests.test_auth_orders.TestOrders" name="test_orders_mine_empty_for_new_user" time="0.393" /><testcase classname="tests.test_auth_orders.TestCheckoutAuth" name="test_checkout_session_with_auth" time="0.763" /><testcase classname="tests.test_auth_orders.TestCheckoutAuth" name="test_checkout_status_fallback_ok" time="0.824" /><testcase classname="tests.test_auth_orders.TestCORS" name="test_cors_same_origin_login_sets_cookies" time="0.352" /><testcase classname="tests.test_baume_api" name="test_health" time="0.185" /><testcase classname="tests.test_baume_api" name="test_list_products_all" time="0.127" /><testcase classname="tests.test_baume_api" name="test_filter_category" time="0.121" /><testcase classname="tests.test_baume_api" name="test_filter_need" time="0.113" /><testcase classname="tests.test_baume_api" name="test_filter_bestseller" time="0.130" /><testcase classname="tests.test_baume_api" name="test_filter_flux_abondant" time="0.117" /><testcase classname="tests.test_baume_api" name="test_filter_usage_nuit" time="0.110" /><testcase classname="tests.test_baume_api" name="test_filter_max_price" time="0.123" /><testcase classname="tests.test_baume_api" name="test_filter_search_cup" time="0.541" /><testcase classname="tests.test_baume_api" name="test_get_product_by_slug" time="0.112" /><testcase classname="tests.test_baume_api" name="test_get_product_404" time="0.136" /><testcase classname="tests.test_baume_api" name="test_categories_besoin" time="0.149" /><testcase classname="tests.test_baume_api" name="test_categories_produit" time="0.119" /><testcase classname="tests.test_baume_api" name="test_category_detail_besoin" time="0.111" /><testcase classname="tests.test_baume_api" name="test_category_detail_produit" time="0.127" /><testcase classname="tests.test_baume_api" name="test_reviews_list" time="0.126" /><testcase classname="tests.test_baume_api" name="test_reviews_by_product" time="0.126" /><testcase classname="tests.test_baume_api" name="test_guides_list" time="0.115" /><testcase classname="tests.test_baume_api" name="test_guide_detail" time="0.114" /><testcase classname="tests.test_baume_api" name="test_experts_list" time="0.109" /><testcase classname="tests.test_baume_api" name="test_contact_valid" time="0.133" /><testcase classname="tests.test_baume_api" name="test_contact_invalid_email" time="0.124" /><testcase classname="tests.test_baume_api" name="test_checkout_session_valid" time="0.780" /><testcase classname="tests.test_baume_api" name="test_checkout_empty_items" time="0.143" /><testcase classname="tests.test_baume_api" name="test_checkout_unknown_product" time="0.117" /><testcase classname="tests.test_iter4_webhook_checkout.TestStripeWebhook" name="test_webhook_invalid_signature_returns_400" time="0.124" /><testcase classname="tests.test_iter4_webhook_checkout.TestStripeWebhook" name="test_webhook_idempotent_same_event_id" time="0.261" /><testcase classname="tests.test_iter4_webhook_checkout.TestStripeWebhook" name="test_stripe_webhook_events_collection_has_unique_index" time="0.001" /><testcase classname="tests.test_iter4_webhook_checkout.TestCheckoutPricing" name="test_checkout_ch_under_threshold_adds_shipping" time="0.500" /><testcase classname="tests.test_iter4_webhook_checkout.TestCheckoutPricing" name="test_checkout_ch_over_threshold_free_shipping" time="0.461" /><testcase classname="tests.test_iter4_webhook_checkout.TestCheckoutPricing" name="test_checkout_unknown_country_returns_400" time="0.132" /><testcase classname="tests.test_iter4_webhook_checkout.TestCheckoutPricing" name="test_checkout_eu_under_threshold" time="0.540" /><testcase classname="tests.test_iter4_webhook_checkout.TestCheckoutPricing" name="test_checkout_authenticated_user_id_in_payment_transactions" time="0.797" /><testcase classname="tests.test_iter4_webhook_checkout.TestCheckoutPricing" name="test_checkout_guest_user_id_null" time="0.495" /><testcase classname="tests.test_iter4_webhook_checkout.TestOrdersMine" name="test_orders_mine_requires_auth" time="0.141" /><testcase classname="tests.test_iter4_webhook_checkout.TestOrdersMine" name="test_orders_mine_returns_only_own" time="0.439" /><testcase classname="tests.test_iter4_webhook_checkout.TestRegression" name="test_products_list" time="0.174" /><testcase classname="tests.test_iter4_webhook_checkout.TestRegression" name="test_categories_list" time="0.122" /><testcase classname="tests.test_iter4_webhook_checkout.TestRegression" name="test_contact_post" time="0.126" /><testcase classname="tests.test_iter4_webhook_checkout.TestRegression" name="test_auth_me_requires_cookie" time="0.121" /></testsuite></testsuites>