<?xml version="1.0" encoding="utf-8"?><testsuites name="pytest tests"><testsuite name="pytest" errors="0" failures="0" skipped="0" tests="43" time="11.117" timestamp="2026-04-24T14:05:01.433176+00:00" hostname="agent-env-49d588f3-f08a-474a-bcf7-a910da5b5ced"><testcase classname="backend.tests.test_auth_orders.TestRegister" name="test_register_valid" time="0.494" /><testcase classname="backend.tests.test_auth_orders.TestRegister" name="test_register_duplicate" time="0.482" /><testcase classname="backend.tests.test_auth_orders.TestRegister" name="test_register_short_password" time="0.133" /><testcase classname="backend.tests.test_auth_orders.TestLogin" name="test_login_admin_valid" time="0.416" /><testcase classname="backend.tests.test_auth_orders.TestLogin" name="test_login_wrong_password" time="0.354" /><testcase classname="backend.tests.test_auth_orders.TestLogin" name="test_login_unknown_email" time="0.148" /><testcase classname="backend.tests.test_auth_orders.TestMeAndProfile" name="test_me_unauthenticated" time="0.120" /><testcase classname="backend.tests.test_auth_orders.TestMeAndProfile" name="test_patch_profile" time="0.461" /><testcase classname="backend.tests.test_auth_orders.TestMeAndProfile" name="test_logout_clears_cookies" time="0.455" /><testcase classname="backend.tests.test_auth_orders.TestMeAndProfile" name="test_refresh_token" time="0.417" /><testcase classname="backend.tests.test_auth_orders.TestPasswordReset" name="test_forgot_existing" time="0.492" /><testcase classname="backend.tests.test_auth_orders.TestPasswordReset" name="test_forgot_unknown_still_200" time="0.111" /><testcase classname="backend.tests.test_auth_orders.TestPasswordReset" name="test_reset_invalid_token" time="0.111" /><testcase classname="backend.tests.test_auth_orders.TestOrders" name="test_orders_mine_unauth" time="0.137" /><testcase classname="backend.tests.test_auth_orders.TestOrders" name="test_orders_mine_empty_for_new_user" time="0.398" /><testcase classname="backend.tests.test_auth_orders.TestCheckoutAuth" name="test_checkout_session_with_auth" time="0.969" /><testcase classname="backend.tests.test_auth_orders.TestCheckoutAuth" name="test_checkout_status_fallback_ok" time="0.837" /><testcase classname="backend.tests.test_auth_orders.TestCORS" name="test_cors_same_origin_login_sets_cookies" time="0.359" /><testcase classname="backend.tests.test_baume_api" name="test_health" time="0.125" /><testcase classname="backend.tests.test_baume_api" name="test_list_products_all" time="0.111" /><testcase classname="backend.tests.test_baume_api" name="test_filter_category" time="0.132" /><testcase classname="backend.tests.test_baume_api" name="test_filter_need" time="0.118" /><testcase classname="backend.tests.test_baume_api" name="test_filter_bestseller" time="0.112" /><testcase classname="backend.tests.test_baume_api" name="test_filter_flux_abondant" time="0.115" /><testcase classname="backend.tests.test_baume_api" name="test_filter_usage_nuit" time="0.464" /><testcase classname="backend.tests.test_baume_api" name="test_filter_max_price" time="0.130" /><testcase classname="backend.tests.test_baume_api" name="test_filter_search_cup" time="0.144" /><testcase classname="backend.tests.test_baume_api" name="test_get_product_by_slug" time="0.121" /><testcase classname="backend.tests.test_baume_api" name="test_get_product_404" time="0.119" /><testcase classname="backend.tests.test_baume_api" name="test_categories_besoin" time="0.165" /><testcase classname="backend.tests.test_baume_api" name="test_categories_produit" time="0.113" /><testcase classname="backend.tests.test_baume_api" name="test_category_detail_besoin" time="0.121" /><testcase classname="backend.tests.test_baume_api" name="test_category_detail_produit" time="0.117" /><testcase classname="backend.tests.test_baume_api" name="test_reviews_list" time="0.125" /><testcase classname="backend.tests.test_baume_api" name="test_reviews_by_product" time="0.109" /><testcase classname="backend.tests.test_baume_api" name="test_guides_list" time="0.118" /><testcase classname="backend.tests.test_baume_api" name="test_guide_detail" time="0.124" /><testcase classname="backend.tests.test_baume_api" name="test_experts_list" time="0.117" /><testcase classname="backend.tests.test_baume_api" name="test_contact_valid" time="0.113" /><testcase classname="backend.tests.test_baume_api" name="test_contact_invalid_email" time="0.131" /><testcase classname="backend.tests.test_baume_api" name="test_checkout_session_valid" time="0.810" /><testcase classname="backend.tests.test_baume_api" name="test_checkout_empty_items" time="0.143" /><testcase classname="backend.tests.test_baume_api" name="test_checkout_unknown_product" time="0.114" /></testsuite></testsuites>