<?xml version="1.0" encoding="utf-8"?><testsuites name="pytest tests"><testsuite name="pytest" errors="0" failures="0" skipped="0" tests="15" time="4.676" timestamp="2026-04-24T14:21:53.159167+00:00" hostname="agent-env-49d588f3-f08a-474a-bcf7-a910da5b5ced"><testcase classname="tests.test_iter4_webhook_checkout.TestStripeWebhook" name="test_webhook_invalid_signature_returns_400" time="0.171" /><testcase classname="tests.test_iter4_webhook_checkout.TestStripeWebhook" name="test_webhook_idempotent_same_event_id" time="0.273" /><testcase classname="tests.test_iter4_webhook_checkout.TestStripeWebhook" name="test_stripe_webhook_events_collection_has_unique_index" time="0.001" /><testcase classname="tests.test_iter4_webhook_checkout.TestCheckoutPricing" name="test_checkout_ch_under_threshold_adds_shipping" time="0.692" /><testcase classname="tests.test_iter4_webhook_checkout.TestCheckoutPricing" name="test_checkout_ch_over_threshold_free_shipping" time="0.506" /><testcase classname="tests.test_iter4_webhook_checkout.TestCheckoutPricing" name="test_checkout_unknown_country_returns_400" time="0.106" /><testcase classname="tests.test_iter4_webhook_checkout.TestCheckoutPricing" name="test_checkout_eu_under_threshold" time="0.479" /><testcase classname="tests.test_iter4_webhook_checkout.TestCheckoutPricing" name="test_checkout_authenticated_user_id_in_payment_transactions" time="0.739" /><testcase classname="tests.test_iter4_webhook_checkout.TestCheckoutPricing" name="test_checkout_guest_user_id_null" time="0.553" /><testcase classname="tests.test_iter4_webhook_checkout.TestOrdersMine" name="test_orders_mine_requires_auth" time="0.109" /><testcase classname="tests.test_iter4_webhook_checkout.TestOrdersMine" name="test_orders_mine_returns_only_own" time="0.440" /><testcase classname="tests.test_iter4_webhook_checkout.TestRegression" name="test_products_list" time="0.111" /><testcase classname="tests.test_iter4_webhook_checkout.TestRegression" name="test_categories_list" time="0.112" /><testcase classname="tests.test_iter4_webhook_checkout.TestRegression" name="test_contact_post" time="0.113" /><testcase classname="tests.test_iter4_webhook_checkout.TestRegression" name="test_auth_me_requires_cookie" time="0.116" /></testsuite></testsuites>